<?xml version="1.0" encoding="UTF-8"?>
<!-- Generated by org.testng.reporters.JUnitReportReporter -->
<testsuite hostname="Muralis-MacBook-Air.local" failures="0" tests="9" name="com.test.javapractice.seleniumTests" time="8.173" errors="0" timestamp="2023-09-08T13:35:16 IST" skipped="7">
  <testcase classname="com.test.javapractice.seleniumTests" name="googleSearch1" time="3.318"/>
  <system-out/>
  <testcase classname="com.test.javapractice.seleniumTests" name="guru99" time="4.855"/>
  <system-out/>
  <testcase classname="com.test.javapractice.seleniumTests" name="googleSearch">
    <skipped/>
  </testcase> <!-- googleSearch -->
  <system-out/>
  <testcase classname="com.test.javapractice.seleniumTests" name="getHelperText">
    <skipped/>
  </testcase> <!-- getHelperText -->
  <system-out/>
  <testcase classname="com.test.javapractice.seleniumTests" name="SeleniumPract">
    <skipped/>
  </testcase> <!-- SeleniumPract -->
  <system-out/>
  <testcase classname="com.test.javapractice.seleniumTests" name="guru99Preceding">
    <skipped/>
  </testcase> <!-- guru99Preceding -->
  <system-out/>
  <testcase classname="com.test.javapractice.seleniumTests" name="clickElementJS">
    <skipped/>
  </testcase> <!-- clickElementJS -->
  <system-out/>
  <testcase classname="com.test.javapractice.seleniumTests" name="guru99Following">
    <skipped/>
  </testcase> <!-- guru99Following -->
  <system-out/>
  <testcase classname="com.test.javapractice.seleniumTests" name="guru99Example2">
    <skipped/>
  </testcase> <!-- guru99Example2 -->
  <system-out/>
</testsuite> <!-- com.test.javapractice.seleniumTests -->
