<?xml version="1.0" encoding="UTF-8"?>
<!-- Generated by org.testng.reporters.JUnitReportReporter -->
<testsuite hostname="Muralis-MacBook-Air.local" failures="0" tests="10" name="com.test.murali.practice" time="0.009" errors="0" timestamp="2023-02-25T23:25:04 IST" skipped="4">
  <testcase classname="com.test.murali.practice" name="SortObject" time="0.005"/>
  <system-out/>
  <testcase classname="com.test.murali.practice" name="sortByStreamString" time="0.000"/>
  <system-out/>
  <testcase classname="com.test.murali.practice" name="test6" time="0.003"/>
  <system-out/>
  <testcase classname="com.test.murali.practice" name="removeDuplicate" time="0.000"/>
  <system-out/>
  <testcase classname="com.test.murali.practice" name="test4" time="0.000"/>
  <system-out/>
  <testcase classname="com.test.murali.practice" name="sortBySteamInteger" time="0.001"/>
  <system-out/>
  <testcase classname="com.test.murali.practice" name="test1">
    <skipped/>
  </testcase> <!-- test1 -->
  <system-out/>
  <testcase classname="com.test.murali.practice" name="test2">
    <skipped/>
  </testcase> <!-- test2 -->
  <system-out/>
  <testcase classname="com.test.murali.practice" name="test5">
    <skipped/>
  </testcase> <!-- test5 -->
  <system-out/>
  <testcase classname="com.test.murali.practice" name="test3">
    <skipped/>
  </testcase> <!-- test3 -->
  <system-out/>
</testsuite> <!-- com.test.murali.practice -->
